2025-01-31 13:22:45.601 | INFO     | utils_logger:<module>:41 - Logging to file: logs\project_log.log
2025-01-31 13:22:45.601 | INFO     | __main__:main:93 - Starting CSV fetch demonstration...
2025-01-31 13:22:45.602 | INFO     | __main__:fetch_csv_file:52 - Fetching CSV data from https://raw.githubusercontent.com/datasets/population/main/data/population.csv...
2025-01-31 13:22:45.705 | INFO     | __main__:write_csv_file:76 - Writing CSV data to example_data\global_population.csv...
2025-01-31 13:22:45.711 | INFO     | __main__:write_csv_file:80 - SUCCESS: CSV data written to example_data\global_population.csv
2025-01-31 13:22:45.712 | INFO     | __main__:fetch_csv_file:56 - SUCCESS: CSV file fetched and saved as global_population.csv
2025-01-31 13:34:28.015 | INFO     | utils_logger:<module>:41 - Logging to file: logs\project_log.log
2025-01-31 13:34:28.016 | INFO     | __main__:main:93 - Starting CSV fetch demonstration...
2025-01-31 13:34:28.016 | INFO     | __main__:fetch_csv_file:52 - Fetching CSV data from https://raw.githubusercontent.com/datasets/population/main/data/population.csv...
2025-01-31 13:34:28.243 | INFO     | __main__:write_csv_file:76 - Writing CSV data to fetched_data\global_population.csv...
2025-01-31 13:34:28.249 | INFO     | __main__:write_csv_file:80 - SUCCESS: CSV data written to fetched_data\global_population.csv
2025-01-31 13:34:28.250 | INFO     | __main__:fetch_csv_file:56 - SUCCESS: CSV file fetched and saved as global_population.csv
2025-01-31 14:15:08.276 | INFO     | utils_logger:<module>:41 - Logging to file: logs\project_log.log
2025-01-31 14:15:08.277 | INFO     | __main__:<module>:87 - Starting CSV processing...
2025-01-31 14:18:01.468 | INFO     | utils_logger:<module>:41 - Logging to file: logs\project_log.log
2025-01-31 14:18:01.468 | INFO     | __main__:<module>:87 - Starting CSV processing...
2025-01-31 14:18:01.469 | ERROR    | __main__:generate_population_trend_chart:68 - An error occurred while generating the chart: name 'pathlib' is not defined
2025-01-31 14:18:01.469 | INFO     | __main__:<module>:89 - CSV processing complete.
2025-01-31 14:18:51.493 | INFO     | utils_logger:<module>:41 - Logging to file: logs\project_log.log
2025-01-31 14:18:51.493 | INFO     | __main__:<module>:87 - Starting CSV processing...
2025-01-31 14:18:51.495 | ERROR    | __main__:generate_population_trend_chart:68 - An error occurred while generating the chart: [Errno 2] No such file or directory: 'fetched_data\\population_data.csv'
2025-01-31 14:18:51.496 | INFO     | __main__:<module>:89 - CSV processing complete.
2025-01-31 14:19:57.340 | INFO     | utils_logger:<module>:41 - Logging to file: logs\project_log.log
2025-01-31 14:19:57.340 | INFO     | __main__:<module>:87 - Starting CSV processing...
2025-01-31 14:19:58.811 | INFO     | __main__:generate_population_trend_chart:66 - Population trend chart saved as processed_data\United States_population_trend.png
2025-01-31 14:19:58.812 | INFO     | __main__:<module>:89 - CSV processing complete.
2025-01-31 14:28:55.093 | INFO     | utils_logger:<module>:41 - Logging to file: logs\project_log.log
2025-01-31 14:28:55.093 | INFO     | __main__:<module>:103 - Starting CSV processing...
2025-01-31 14:28:55.109 | ERROR    | __main__:generate_population_trend_chart:84 - An error occurred while generating the chart: cannot access local variable 'unit' where it is not associated with a value
2025-01-31 14:28:55.110 | INFO     | __main__:<module>:105 - CSV processing complete.
2025-01-31 14:31:40.367 | INFO     | utils_logger:<module>:41 - Logging to file: logs\project_log.log
2025-01-31 14:31:40.368 | INFO     | __main__:<module>:109 - Starting CSV processing...
2025-01-31 14:31:40.387 | INFO     | __main__:generate_population_trend_chart:68 - Population unit set to: millions
2025-01-31 14:31:40.597 | ERROR    | __main__:generate_population_trend_chart:90 - An error occurred while generating the chart: name 'ticker' is not defined
2025-01-31 14:31:40.598 | INFO     | __main__:<module>:111 - CSV processing complete.
2025-01-31 14:34:21.743 | INFO     | utils_logger:<module>:41 - Logging to file: logs\project_log.log
2025-01-31 14:34:21.744 | INFO     | __main__:<module>:105 - Starting CSV processing...
2025-01-31 14:34:21.759 | INFO     | __main__:generate_population_trend_chart:68 - Population unit set to: millions
2025-01-31 14:34:22.092 | INFO     | __main__:generate_population_trend_chart:84 - Population trend chart saved as processed_data\United States_population_trend.png
2025-01-31 14:34:22.093 | INFO     | __main__:<module>:107 - CSV processing complete.
2025-01-31 14:36:15.008 | INFO     | utils_logger:<module>:41 - Logging to file: logs\project_log.log
2025-01-31 14:36:15.009 | INFO     | __main__:main:93 - Starting CSV fetch demonstration...
2025-01-31 14:36:15.009 | INFO     | __main__:fetch_csv_file:52 - Fetching CSV data from https://raw.githubusercontent.com/datasets/population/main/data/population.csv...
2025-01-31 14:36:15.195 | INFO     | __main__:write_csv_file:76 - Writing CSV data to fetched_data\global_population.csv...
2025-01-31 14:36:15.200 | INFO     | __main__:write_csv_file:80 - SUCCESS: CSV data written to fetched_data\global_population.csv
2025-01-31 14:36:15.201 | INFO     | __main__:fetch_csv_file:56 - SUCCESS: CSV file fetched and saved as global_population.csv
